<?xml version="1.0" encoding="UTF-8"?>
<testsuite name="se.primenta.common.persistence.test.WrapperTest" tests="1" skipped="0" failures="0" errors="0" timestamp="2017-05-04T13:42:04" hostname="sven-xps" time="0.001">
  <properties/>
  <testcase name="isTherePort" classname="se.primenta.common.persistence.test.WrapperTest" time="0.001"/>
  <system-out><![CDATA[]]></system-out>
  <system-err><![CDATA[SLF4J: Failed to load class "org.slf4j.impl.StaticLoggerBinder".
SLF4J: Defaulting to no-operation (NOP) logger implementation
SLF4J: See http://www.slf4j.org/codes.html#StaticLoggerBinder for further details.
no libsigar-amd64-linux.so in java.library.path
org.hyperic.sigar.SigarException: no libsigar-amd64-linux.so in java.library.path
	at org.hyperic.sigar.Sigar.loadLibrary(Sigar.java:172)
	at org.hyperic.sigar.Sigar.<clinit>(Sigar.java:100)
	at org.apache.cassandra.utils.SigarLibrary.<init>(SigarLibrary.java:47)
	at org.apache.cassandra.utils.SigarLibrary.<clinit>(SigarLibrary.java:28)
	at org.apache.cassandra.service.StartupChecks$7.execute(StartupChecks.java:216)
	at org.apache.cassandra.service.StartupChecks.verify(StartupChecks.java:112)
	at org.apache.cassandra.service.CassandraDaemon.setup(CassandraDaemon.java:196)
	at org.apache.cassandra.service.CassandraDaemon.activate(CassandraDaemon.java:601)
	at org.cassandraunit.utils.EmbeddedCassandraServerHelper$1.run(EmbeddedCassandraServerHelper.java:129)
	at java.util.concurrent.ThreadPoolExecutor.runWorker(ThreadPoolExecutor.java:1142)
	at java.util.concurrent.ThreadPoolExecutor$Worker.run(ThreadPoolExecutor.java:617)
	at java.lang.Thread.run(Thread.java:745)
]]></system-err>
</testsuite>
